[0.972s] Invoking command in '/home/rishi/Desktop/ROS2_self/ROS2-Self-Driving-Car-AI-using-OpenCV/self_driving_car_pkg': CONDA_PROMPT_MODIFIER=(base) PYTHONPATH=/home/rishi/Desktop/ROS2_self/ROS2-Self-Driving-Car-AI-using-OpenCV/self_driving_car_pkg/build/self_driving_car_pkg/prefix_override:/home/rishi/Desktop/ROS2_self/ROS2-Self-Driving-Car-AI-using-OpenCV/self_driving_car_pkg/install/self_driving_car_pkg/lib/python3.10/site-packages:${PYTHONPATH} /usr/bin/python3 setup.py egg_info --egg-base build/self_driving_car_pkg build --build-base /home/rishi/Desktop/ROS2_self/ROS2-Self-Driving-Car-AI-using-OpenCV/self_driving_car_pkg/build/self_driving_car_pkg/build install --record /home/rishi/Desktop/ROS2_self/ROS2-Self-Driving-Car-AI-using-OpenCV/self_driving_car_pkg/build/self_driving_car_pkg/install.log --install-scripts $base/lib/self_driving_car_pkg --single-version-externally-managed
[1.232s] /usr/lib/python3/dist-packages/setuptools/dist.py:723: UserWarning: Usage of dash-separated 'script-dir' will not be supported in future versions. Please use the underscore name 'script_dir' instead
[1.233s]   warnings.warn(
[1.242s] running egg_info
[1.243s] creating build/self_driving_car_pkg/self_driving_car_pkg.egg-info
[1.243s] writing build/self_driving_car_pkg/self_driving_car_pkg.egg-info/PKG-INFO
[1.243s] writing dependency_links to build/self_driving_car_pkg/self_driving_car_pkg.egg-info/dependency_links.txt
[1.244s] writing entry points to build/self_driving_car_pkg/self_driving_car_pkg.egg-info/entry_points.txt
[1.244s] writing requirements to build/self_driving_car_pkg/self_driving_car_pkg.egg-info/requires.txt
[1.244s] writing top-level names to build/self_driving_car_pkg/self_driving_car_pkg.egg-info/top_level.txt
[1.244s] writing manifest file 'build/self_driving_car_pkg/self_driving_car_pkg.egg-info/SOURCES.txt'
[1.252s] reading manifest file 'build/self_driving_car_pkg/self_driving_car_pkg.egg-info/SOURCES.txt'
[1.253s] writing manifest file 'build/self_driving_car_pkg/self_driving_car_pkg.egg-info/SOURCES.txt'
[1.253s] running build
[1.253s] running build_py
[1.254s] creating /home/rishi/Desktop/ROS2_self/ROS2-Self-Driving-Car-AI-using-OpenCV/self_driving_car_pkg/build/self_driving_car_pkg/build
[1.254s] creating /home/rishi/Desktop/ROS2_self/ROS2-Self-Driving-Car-AI-using-OpenCV/self_driving_car_pkg/build/self_driving_car_pkg/build/lib
[1.254s] creating /home/rishi/Desktop/ROS2_self/ROS2-Self-Driving-Car-AI-using-OpenCV/self_driving_car_pkg/build/self_driving_car_pkg/build/lib/self_driving_car_pkg
[1.254s] copying self_driving_car_pkg/upper_camera_video.py -> /home/rishi/Desktop/ROS2_self/ROS2-Self-Driving-Car-AI-using-OpenCV/self_driving_car_pkg/build/self_driving_car_pkg/build/lib/self_driving_car_pkg
[1.254s] copying self_driving_car_pkg/video_save.py -> /home/rishi/Desktop/ROS2_self/ROS2-Self-Driving-Car-AI-using-OpenCV/self_driving_car_pkg/build/self_driving_car_pkg/build/lib/self_driving_car_pkg
[1.255s] copying self_driving_car_pkg/sdc_V2.py -> /home/rishi/Desktop/ROS2_self/ROS2-Self-Driving-Car-AI-using-OpenCV/self_driving_car_pkg/build/self_driving_car_pkg/build/lib/self_driving_car_pkg
[1.255s] copying self_driving_car_pkg/__init__.py -> /home/rishi/Desktop/ROS2_self/ROS2-Self-Driving-Car-AI-using-OpenCV/self_driving_car_pkg/build/self_driving_car_pkg/build/lib/self_driving_car_pkg
[1.255s] copying self_driving_car_pkg/computer_vision_node.py -> /home/rishi/Desktop/ROS2_self/ROS2-Self-Driving-Car-AI-using-OpenCV/self_driving_car_pkg/build/self_driving_car_pkg/build/lib/self_driving_car_pkg
[1.255s] copying self_driving_car_pkg/Drive_Bot.py -> /home/rishi/Desktop/ROS2_self/ROS2-Self-Driving-Car-AI-using-OpenCV/self_driving_car_pkg/build/self_driving_car_pkg/build/lib/self_driving_car_pkg
[1.256s] copying self_driving_car_pkg/sdf_spawner.py -> /home/rishi/Desktop/ROS2_self/ROS2-Self-Driving-Car-AI-using-OpenCV/self_driving_car_pkg/build/self_driving_car_pkg/build/lib/self_driving_car_pkg
[1.256s] creating /home/rishi/Desktop/ROS2_self/ROS2-Self-Driving-Car-AI-using-OpenCV/self_driving_car_pkg/build/self_driving_car_pkg/build/lib/self_driving_car_pkg/Detection
[1.256s] creating /home/rishi/Desktop/ROS2_self/ROS2-Self-Driving-Car-AI-using-OpenCV/self_driving_car_pkg/build/self_driving_car_pkg/build/lib/self_driving_car_pkg/Detection/Lanes
[1.257s] creating /home/rishi/Desktop/ROS2_self/ROS2-Self-Driving-Car-AI-using-OpenCV/self_driving_car_pkg/build/self_driving_car_pkg/build/lib/self_driving_car_pkg/Detection/Lanes/d_LaneInfo_Extraction
[1.257s] copying self_driving_car_pkg/Detection/Lanes/d_LaneInfo_Extraction/GetStateInfoandDisplayLane.py -> /home/rishi/Desktop/ROS2_self/ROS2-Self-Driving-Car-AI-using-OpenCV/self_driving_car_pkg/build/self_driving_car_pkg/build/lib/self_driving_car_pkg/Detection/Lanes/d_LaneInfo_Extraction
[1.257s] copying self_driving_car_pkg/Detection/Lanes/d_LaneInfo_Extraction/__init__.py -> /home/rishi/Desktop/ROS2_self/ROS2-Self-Driving-Car-AI-using-OpenCV/self_driving_car_pkg/build/self_driving_car_pkg/build/lib/self_driving_car_pkg/Detection/Lanes/d_LaneInfo_Extraction
[1.257s] creating /home/rishi/Desktop/ROS2_self/ROS2-Self-Driving-Car-AI-using-OpenCV/self_driving_car_pkg/build/self_driving_car_pkg/build/lib/self_driving_car_pkg/Detection/Lanes/c_Cleaning
[1.258s] copying self_driving_car_pkg/Detection/Lanes/c_Cleaning/CheckifYellowLaneCorrect_RetInnerBoundary.py -> /home/rishi/Desktop/ROS2_self/ROS2-Self-Driving-Car-AI-using-OpenCV/self_driving_car_pkg/build/self_driving_car_pkg/build/lib/self_driving_car_pkg/Detection/Lanes/c_Cleaning
[1.258s] copying self_driving_car_pkg/Detection/Lanes/c_Cleaning/__init__.py -> /home/rishi/Desktop/ROS2_self/ROS2-Self-Driving-Car-AI-using-OpenCV/self_driving_car_pkg/build/self_driving_car_pkg/build/lib/self_driving_car_pkg/Detection/Lanes/c_Cleaning
[1.258s] copying self_driving_car_pkg/Detection/Lanes/c_Cleaning/ExtendLanesAndRefineMidLaneEdge.py -> /home/rishi/Desktop/ROS2_self/ROS2-Self-Driving-Car-AI-using-OpenCV/self_driving_car_pkg/build/self_driving_car_pkg/build/lib/self_driving_car_pkg/Detection/Lanes/c_Cleaning
[1.258s] creating /home/rishi/Desktop/ROS2_self/ROS2-Self-Driving-Car-AI-using-OpenCV/self_driving_car_pkg/build/self_driving_car_pkg/build/lib/self_driving_car_pkg/Detection/Lanes/b_Estimation
[1.259s] copying self_driving_car_pkg/Detection/Lanes/b_Estimation/__init__.py -> /home/rishi/Desktop/ROS2_self/ROS2-Self-Driving-Car-AI-using-OpenCV/self_driving_car_pkg/build/self_driving_car_pkg/build/lib/self_driving_car_pkg/Detection/Lanes/b_Estimation
[1.259s] copying self_driving_car_pkg/Detection/Lanes/b_Estimation/Our_EstimationAlgo.py -> /home/rishi/Desktop/ROS2_self/ROS2-Self-Driving-Car-AI-using-OpenCV/self_driving_car_pkg/build/self_driving_car_pkg/build/lib/self_driving_car_pkg/Detection/Lanes/b_Estimation
[1.259s] creating /home/rishi/Desktop/ROS2_self/ROS2-Self-Driving-Car-AI-using-OpenCV/self_driving_car_pkg/build/self_driving_car_pkg/build/lib/self_driving_car_pkg/Detection/Lanes/a_Segmentation
[1.259s] copying self_driving_car_pkg/Detection/Lanes/a_Segmentation/__init__.py -> /home/rishi/Desktop/ROS2_self/ROS2-Self-Driving-Car-AI-using-OpenCV/self_driving_car_pkg/build/self_driving_car_pkg/build/lib/self_driving_car_pkg/Detection/Lanes/a_Segmentation
[1.260s] copying self_driving_car_pkg/Detection/Lanes/a_Segmentation/colour_segmentation_final.py -> /home/rishi/Desktop/ROS2_self/ROS2-Self-Driving-Car-AI-using-OpenCV/self_driving_car_pkg/build/self_driving_car_pkg/build/lib/self_driving_car_pkg/Detection/Lanes/a_Segmentation
[1.260s] copying self_driving_car_pkg/Detection/Lanes/Morph_op.py -> /home/rishi/Desktop/ROS2_self/ROS2-Self-Driving-Car-AI-using-OpenCV/self_driving_car_pkg/build/self_driving_car_pkg/build/lib/self_driving_car_pkg/Detection/Lanes
[1.260s] copying self_driving_car_pkg/Detection/Lanes/__init__.py -> /home/rishi/Desktop/ROS2_self/ROS2-Self-Driving-Car-AI-using-OpenCV/self_driving_car_pkg/build/self_driving_car_pkg/build/lib/self_driving_car_pkg/Detection/Lanes
[1.260s] copying self_driving_car_pkg/Detection/Lanes/utilities.py -> /home/rishi/Desktop/ROS2_self/ROS2-Self-Driving-Car-AI-using-OpenCV/self_driving_car_pkg/build/self_driving_car_pkg/build/lib/self_driving_car_pkg/Detection/Lanes
[1.261s] copying self_driving_car_pkg/Detection/Lanes/Lane_Detection.py -> /home/rishi/Desktop/ROS2_self/ROS2-Self-Driving-Car-AI-using-OpenCV/self_driving_car_pkg/build/self_driving_car_pkg/build/lib/self_driving_car_pkg/Detection/Lanes
[1.261s] creating /home/rishi/Desktop/ROS2_self/ROS2-Self-Driving-Car-AI-using-OpenCV/self_driving_car_pkg/build/self_driving_car_pkg/build/lib/self_driving_car_pkg/Detection/Signs
[1.261s] creating /home/rishi/Desktop/ROS2_self/ROS2-Self-Driving-Car-AI-using-OpenCV/self_driving_car_pkg/build/self_driving_car_pkg/build/lib/self_driving_car_pkg/Detection/Signs/Classification
[1.261s] copying self_driving_car_pkg/Detection/Signs/Classification/CNN.py -> /home/rishi/Desktop/ROS2_self/ROS2-Self-Driving-Car-AI-using-OpenCV/self_driving_car_pkg/build/self_driving_car_pkg/build/lib/self_driving_car_pkg/Detection/Signs/Classification
[1.261s] copying self_driving_car_pkg/Detection/Signs/Classification/__init__.py -> /home/rishi/Desktop/ROS2_self/ROS2-Self-Driving-Car-AI-using-OpenCV/self_driving_car_pkg/build/self_driving_car_pkg/build/lib/self_driving_car_pkg/Detection/Signs/Classification
[1.262s] copying self_driving_car_pkg/Detection/Signs/Classification/Visualize_CNN.py -> /home/rishi/Desktop/ROS2_self/ROS2-Self-Driving-Car-AI-using-OpenCV/self_driving_car_pkg/build/self_driving_car_pkg/build/lib/self_driving_car_pkg/Detection/Signs/Classification
[1.262s] copying self_driving_car_pkg/Detection/Signs/Classification/Classification_CNN.py -> /home/rishi/Desktop/ROS2_self/ROS2-Self-Driving-Car-AI-using-OpenCV/self_driving_car_pkg/build/self_driving_car_pkg/build/lib/self_driving_car_pkg/Detection/Signs/Classification
[1.262s] copying self_driving_car_pkg/Detection/Signs/__init__.py -> /home/rishi/Desktop/ROS2_self/ROS2-Self-Driving-Car-AI-using-OpenCV/self_driving_car_pkg/build/self_driving_car_pkg/build/lib/self_driving_car_pkg/Detection/Signs
[1.262s] copying self_driving_car_pkg/Detection/Signs/SignDetectionApi.py -> /home/rishi/Desktop/ROS2_self/ROS2-Self-Driving-Car-AI-using-OpenCV/self_driving_car_pkg/build/self_driving_car_pkg/build/lib/self_driving_car_pkg/Detection/Signs
[1.262s] creating /home/rishi/Desktop/ROS2_self/ROS2-Self-Driving-Car-AI-using-OpenCV/self_driving_car_pkg/build/self_driving_car_pkg/build/lib/self_driving_car_pkg/Detection/TrafficLights
[1.263s] copying self_driving_car_pkg/Detection/TrafficLights/__init__.py -> /home/rishi/Desktop/ROS2_self/ROS2-Self-Driving-Car-AI-using-OpenCV/self_driving_car_pkg/build/self_driving_car_pkg/build/lib/self_driving_car_pkg/Detection/TrafficLights
[1.263s] copying self_driving_car_pkg/Detection/TrafficLights/TrafficLights_Detection.py -> /home/rishi/Desktop/ROS2_self/ROS2-Self-Driving-Car-AI-using-OpenCV/self_driving_car_pkg/build/self_driving_car_pkg/build/lib/self_driving_car_pkg/Detection/TrafficLights
[1.263s] copying self_driving_car_pkg/Detection/__init__.py -> /home/rishi/Desktop/ROS2_self/ROS2-Self-Driving-Car-AI-using-OpenCV/self_driving_car_pkg/build/self_driving_car_pkg/build/lib/self_driving_car_pkg/Detection
[1.263s] creating /home/rishi/Desktop/ROS2_self/ROS2-Self-Driving-Car-AI-using-OpenCV/self_driving_car_pkg/build/self_driving_car_pkg/build/lib/self_driving_car_pkg/GPS_Navigation
[1.263s] copying self_driving_car_pkg/GPS_Navigation/bot_pathplanning.py -> /home/rishi/Desktop/ROS2_self/ROS2-Self-Driving-Car-AI-using-OpenCV/self_driving_car_pkg/build/self_driving_car_pkg/build/lib/self_driving_car_pkg/GPS_Navigation
[1.264s] copying self_driving_car_pkg/GPS_Navigation/config.py -> /home/rishi/Desktop/ROS2_self/ROS2-Self-Driving-Car-AI-using-OpenCV/self_driving_car_pkg/build/self_driving_car_pkg/build/lib/self_driving_car_pkg/GPS_Navigation
[1.264s] copying self_driving_car_pkg/GPS_Navigation/bot_localization.py -> /home/rishi/Desktop/ROS2_self/ROS2-Self-Driving-Car-AI-using-OpenCV/self_driving_car_pkg/build/self_driving_car_pkg/build/lib/self_driving_car_pkg/GPS_Navigation
[1.264s] copying self_driving_car_pkg/GPS_Navigation/__init__.py -> /home/rishi/Desktop/ROS2_self/ROS2-Self-Driving-Car-AI-using-OpenCV/self_driving_car_pkg/build/self_driving_car_pkg/build/lib/self_driving_car_pkg/GPS_Navigation
[1.264s] copying self_driving_car_pkg/GPS_Navigation/Navigation.py -> /home/rishi/Desktop/ROS2_self/ROS2-Self-Driving-Car-AI-using-OpenCV/self_driving_car_pkg/build/self_driving_car_pkg/build/lib/self_driving_car_pkg/GPS_Navigation
[1.265s] copying self_driving_car_pkg/GPS_Navigation/utilities.py -> /home/rishi/Desktop/ROS2_self/ROS2-Self-Driving-Car-AI-using-OpenCV/self_driving_car_pkg/build/self_driving_car_pkg/build/lib/self_driving_car_pkg/GPS_Navigation
[1.265s] copying self_driving_car_pkg/GPS_Navigation/utilities_disp.py -> /home/rishi/Desktop/ROS2_self/ROS2-Self-Driving-Car-AI-using-OpenCV/self_driving_car_pkg/build/self_driving_car_pkg/build/lib/self_driving_car_pkg/GPS_Navigation
[1.265s] copying self_driving_car_pkg/GPS_Navigation/bot_motionplanning.py -> /home/rishi/Desktop/ROS2_self/ROS2-Self-Driving-Car-AI-using-OpenCV/self_driving_car_pkg/build/self_driving_car_pkg/build/lib/self_driving_car_pkg/GPS_Navigation
[1.265s] copying self_driving_car_pkg/GPS_Navigation/bot_mapping.py -> /home/rishi/Desktop/ROS2_self/ROS2-Self-Driving-Car-AI-using-OpenCV/self_driving_car_pkg/build/self_driving_car_pkg/build/lib/self_driving_car_pkg/GPS_Navigation
[1.266s] creating /home/rishi/Desktop/ROS2_self/ROS2-Self-Driving-Car-AI-using-OpenCV/self_driving_car_pkg/build/self_driving_car_pkg/build/lib/self_driving_car_pkg/config
[1.266s] copying self_driving_car_pkg/config/config.py -> /home/rishi/Desktop/ROS2_self/ROS2-Self-Driving-Car-AI-using-OpenCV/self_driving_car_pkg/build/self_driving_car_pkg/build/lib/self_driving_car_pkg/config
[1.266s] copying self_driving_car_pkg/config/__init__.py -> /home/rishi/Desktop/ROS2_self/ROS2-Self-Driving-Car-AI-using-OpenCV/self_driving_car_pkg/build/self_driving_car_pkg/build/lib/self_driving_car_pkg/config
[1.266s] creating /home/rishi/Desktop/ROS2_self/ROS2-Self-Driving-Car-AI-using-OpenCV/self_driving_car_pkg/build/self_driving_car_pkg/build/lib/self_driving_car_pkg/data
[1.266s] copying self_driving_car_pkg/data/__init__.py -> /home/rishi/Desktop/ROS2_self/ROS2-Self-Driving-Car-AI-using-OpenCV/self_driving_car_pkg/build/self_driving_car_pkg/build/lib/self_driving_car_pkg/data
[1.267s] running install
[1.267s] /usr/lib/python3/dist-packages/setuptools/command/install.py:34: SetuptoolsDeprecationWarning: setup.py install is deprecated. Use build and pip and other standards-based tools.
[1.267s]   warnings.warn(
[1.268s] running install_lib
[1.268s] creating /home/rishi/Desktop/ROS2_self/ROS2-Self-Driving-Car-AI-using-OpenCV/self_driving_car_pkg/install/self_driving_car_pkg/lib/python3.10/site-packages/self_driving_car_pkg
[1.269s] copying /home/rishi/Desktop/ROS2_self/ROS2-Self-Driving-Car-AI-using-OpenCV/self_driving_car_pkg/build/self_driving_car_pkg/build/lib/self_driving_car_pkg/upper_camera_video.py -> /home/rishi/Desktop/ROS2_self/ROS2-Self-Driving-Car-AI-using-OpenCV/self_driving_car_pkg/install/self_driving_car_pkg/lib/python3.10/site-packages/self_driving_car_pkg
[1.269s] creating /home/rishi/Desktop/ROS2_self/ROS2-Self-Driving-Car-AI-using-OpenCV/self_driving_car_pkg/install/self_driving_car_pkg/lib/python3.10/site-packages/self_driving_car_pkg/Detection
[1.269s] creating /home/rishi/Desktop/ROS2_self/ROS2-Self-Driving-Car-AI-using-OpenCV/self_driving_car_pkg/install/self_driving_car_pkg/lib/python3.10/site-packages/self_driving_car_pkg/Detection/Lanes
[1.269s] copying /home/rishi/Desktop/ROS2_self/ROS2-Self-Driving-Car-AI-using-OpenCV/self_driving_car_pkg/build/self_driving_car_pkg/build/lib/self_driving_car_pkg/Detection/Lanes/Morph_op.py -> /home/rishi/Desktop/ROS2_self/ROS2-Self-Driving-Car-AI-using-OpenCV/self_driving_car_pkg/install/self_driving_car_pkg/lib/python3.10/site-packages/self_driving_car_pkg/Detection/Lanes
[1.270s] creating /home/rishi/Desktop/ROS2_self/ROS2-Self-Driving-Car-AI-using-OpenCV/self_driving_car_pkg/install/self_driving_car_pkg/lib/python3.10/site-packages/self_driving_car_pkg/Detection/Lanes/b_Estimation
[1.270s] copying /home/rishi/Desktop/ROS2_self/ROS2-Self-Driving-Car-AI-using-OpenCV/self_driving_car_pkg/build/self_driving_car_pkg/build/lib/self_driving_car_pkg/Detection/Lanes/b_Estimation/__init__.py -> /home/rishi/Desktop/ROS2_self/ROS2-Self-Driving-Car-AI-using-OpenCV/self_driving_car_pkg/install/self_driving_car_pkg/lib/python3.10/site-packages/self_driving_car_pkg/Detection/Lanes/b_Estimation
[1.270s] copying /home/rishi/Desktop/ROS2_self/ROS2-Self-Driving-Car-AI-using-OpenCV/self_driving_car_pkg/build/self_driving_car_pkg/build/lib/self_driving_car_pkg/Detection/Lanes/b_Estimation/Our_EstimationAlgo.py -> /home/rishi/Desktop/ROS2_self/ROS2-Self-Driving-Car-AI-using-OpenCV/self_driving_car_pkg/install/self_driving_car_pkg/lib/python3.10/site-packages/self_driving_car_pkg/Detection/Lanes/b_Estimation
[1.271s] copying /home/rishi/Desktop/ROS2_self/ROS2-Self-Driving-Car-AI-using-OpenCV/self_driving_car_pkg/build/self_driving_car_pkg/build/lib/self_driving_car_pkg/Detection/Lanes/__init__.py -> /home/rishi/Desktop/ROS2_self/ROS2-Self-Driving-Car-AI-using-OpenCV/self_driving_car_pkg/install/self_driving_car_pkg/lib/python3.10/site-packages/self_driving_car_pkg/Detection/Lanes
[1.271s] copying /home/rishi/Desktop/ROS2_self/ROS2-Self-Driving-Car-AI-using-OpenCV/self_driving_car_pkg/build/self_driving_car_pkg/build/lib/self_driving_car_pkg/Detection/Lanes/utilities.py -> /home/rishi/Desktop/ROS2_self/ROS2-Self-Driving-Car-AI-using-OpenCV/self_driving_car_pkg/install/self_driving_car_pkg/lib/python3.10/site-packages/self_driving_car_pkg/Detection/Lanes
[1.271s] creating /home/rishi/Desktop/ROS2_self/ROS2-Self-Driving-Car-AI-using-OpenCV/self_driving_car_pkg/install/self_driving_car_pkg/lib/python3.10/site-packages/self_driving_car_pkg/Detection/Lanes/c_Cleaning
[1.272s] copying /home/rishi/Desktop/ROS2_self/ROS2-Self-Driving-Car-AI-using-OpenCV/self_driving_car_pkg/build/self_driving_car_pkg/build/lib/self_driving_car_pkg/Detection/Lanes/c_Cleaning/CheckifYellowLaneCorrect_RetInnerBoundary.py -> /home/rishi/Desktop/ROS2_self/ROS2-Self-Driving-Car-AI-using-OpenCV/self_driving_car_pkg/install/self_driving_car_pkg/lib/python3.10/site-packages/self_driving_car_pkg/Detection/Lanes/c_Cleaning
[1.272s] copying /home/rishi/Desktop/ROS2_self/ROS2-Self-Driving-Car-AI-using-OpenCV/self_driving_car_pkg/build/self_driving_car_pkg/build/lib/self_driving_car_pkg/Detection/Lanes/c_Cleaning/__init__.py -> /home/rishi/Desktop/ROS2_self/ROS2-Self-Driving-Car-AI-using-OpenCV/self_driving_car_pkg/install/self_driving_car_pkg/lib/python3.10/site-packages/self_driving_car_pkg/Detection/Lanes/c_Cleaning
[1.272s] copying /home/rishi/Desktop/ROS2_self/ROS2-Self-Driving-Car-AI-using-OpenCV/self_driving_car_pkg/build/self_driving_car_pkg/build/lib/self_driving_car_pkg/Detection/Lanes/c_Cleaning/ExtendLanesAndRefineMidLaneEdge.py -> /home/rishi/Desktop/ROS2_self/ROS2-Self-Driving-Car-AI-using-OpenCV/self_driving_car_pkg/install/self_driving_car_pkg/lib/python3.10/site-packages/self_driving_car_pkg/Detection/Lanes/c_Cleaning
[1.273s] copying /home/rishi/Desktop/ROS2_self/ROS2-Self-Driving-Car-AI-using-OpenCV/self_driving_car_pkg/build/self_driving_car_pkg/build/lib/self_driving_car_pkg/Detection/Lanes/Lane_Detection.py -> /home/rishi/Desktop/ROS2_self/ROS2-Self-Driving-Car-AI-using-OpenCV/self_driving_car_pkg/install/self_driving_car_pkg/lib/python3.10/site-packages/self_driving_car_pkg/Detection/Lanes
[1.273s] creating /home/rishi/Desktop/ROS2_self/ROS2-Self-Driving-Car-AI-using-OpenCV/self_driving_car_pkg/install/self_driving_car_pkg/lib/python3.10/site-packages/self_driving_car_pkg/Detection/Lanes/d_LaneInfo_Extraction
[1.273s] copying /home/rishi/Desktop/ROS2_self/ROS2-Self-Driving-Car-AI-using-OpenCV/self_driving_car_pkg/build/self_driving_car_pkg/build/lib/self_driving_car_pkg/Detection/Lanes/d_LaneInfo_Extraction/GetStateInfoandDisplayLane.py -> /home/rishi/Desktop/ROS2_self/ROS2-Self-Driving-Car-AI-using-OpenCV/self_driving_car_pkg/install/self_driving_car_pkg/lib/python3.10/site-packages/self_driving_car_pkg/Detection/Lanes/d_LaneInfo_Extraction
[1.274s] copying /home/rishi/Desktop/ROS2_self/ROS2-Self-Driving-Car-AI-using-OpenCV/self_driving_car_pkg/build/self_driving_car_pkg/build/lib/self_driving_car_pkg/Detection/Lanes/d_LaneInfo_Extraction/__init__.py -> /home/rishi/Desktop/ROS2_self/ROS2-Self-Driving-Car-AI-using-OpenCV/self_driving_car_pkg/install/self_driving_car_pkg/lib/python3.10/site-packages/self_driving_car_pkg/Detection/Lanes/d_LaneInfo_Extraction
[1.274s] creating /home/rishi/Desktop/ROS2_self/ROS2-Self-Driving-Car-AI-using-OpenCV/self_driving_car_pkg/install/self_driving_car_pkg/lib/python3.10/site-packages/self_driving_car_pkg/Detection/Lanes/a_Segmentation
[1.274s] copying /home/rishi/Desktop/ROS2_self/ROS2-Self-Driving-Car-AI-using-OpenCV/self_driving_car_pkg/build/self_driving_car_pkg/build/lib/self_driving_car_pkg/Detection/Lanes/a_Segmentation/__init__.py -> /home/rishi/Desktop/ROS2_self/ROS2-Self-Driving-Car-AI-using-OpenCV/self_driving_car_pkg/install/self_driving_car_pkg/lib/python3.10/site-packages/self_driving_car_pkg/Detection/Lanes/a_Segmentation
[1.275s] copying /home/rishi/Desktop/ROS2_self/ROS2-Self-Driving-Car-AI-using-OpenCV/self_driving_car_pkg/build/self_driving_car_pkg/build/lib/self_driving_car_pkg/Detection/Lanes/a_Segmentation/colour_segmentation_final.py -> /home/rishi/Desktop/ROS2_self/ROS2-Self-Driving-Car-AI-using-OpenCV/self_driving_car_pkg/install/self_driving_car_pkg/lib/python3.10/site-packages/self_driving_car_pkg/Detection/Lanes/a_Segmentation
[1.275s] creating /home/rishi/Desktop/ROS2_self/ROS2-Self-Driving-Car-AI-using-OpenCV/self_driving_car_pkg/install/self_driving_car_pkg/lib/python3.10/site-packages/self_driving_car_pkg/Detection/TrafficLights
[1.275s] copying /home/rishi/Desktop/ROS2_self/ROS2-Self-Driving-Car-AI-using-OpenCV/self_driving_car_pkg/build/self_driving_car_pkg/build/lib/self_driving_car_pkg/Detection/TrafficLights/__init__.py -> /home/rishi/Desktop/ROS2_self/ROS2-Self-Driving-Car-AI-using-OpenCV/self_driving_car_pkg/install/self_driving_car_pkg/lib/python3.10/site-packages/self_driving_car_pkg/Detection/TrafficLights
[1.275s] copying /home/rishi/Desktop/ROS2_self/ROS2-Self-Driving-Car-AI-using-OpenCV/self_driving_car_pkg/build/self_driving_car_pkg/build/lib/self_driving_car_pkg/Detection/TrafficLights/TrafficLights_Detection.py -> /home/rishi/Desktop/ROS2_self/ROS2-Self-Driving-Car-AI-using-OpenCV/self_driving_car_pkg/install/self_driving_car_pkg/lib/python3.10/site-packages/self_driving_car_pkg/Detection/TrafficLights
[1.276s] copying /home/rishi/Desktop/ROS2_self/ROS2-Self-Driving-Car-AI-using-OpenCV/self_driving_car_pkg/build/self_driving_car_pkg/build/lib/self_driving_car_pkg/Detection/__init__.py -> /home/rishi/Desktop/ROS2_self/ROS2-Self-Driving-Car-AI-using-OpenCV/self_driving_car_pkg/install/self_driving_car_pkg/lib/python3.10/site-packages/self_driving_car_pkg/Detection
[1.276s] creating /home/rishi/Desktop/ROS2_self/ROS2-Self-Driving-Car-AI-using-OpenCV/self_driving_car_pkg/install/self_driving_car_pkg/lib/python3.10/site-packages/self_driving_car_pkg/Detection/Signs
[1.276s] creating /home/rishi/Desktop/ROS2_self/ROS2-Self-Driving-Car-AI-using-OpenCV/self_driving_car_pkg/install/self_driving_car_pkg/lib/python3.10/site-packages/self_driving_car_pkg/Detection/Signs/Classification
[1.276s] copying /home/rishi/Desktop/ROS2_self/ROS2-Self-Driving-Car-AI-using-OpenCV/self_driving_car_pkg/build/self_driving_car_pkg/build/lib/self_driving_car_pkg/Detection/Signs/Classification/CNN.py -> /home/rishi/Desktop/ROS2_self/ROS2-Self-Driving-Car-AI-using-OpenCV/self_driving_car_pkg/install/self_driving_car_pkg/lib/python3.10/site-packages/self_driving_car_pkg/Detection/Signs/Classification
[1.277s] copying /home/rishi/Desktop/ROS2_self/ROS2-Self-Driving-Car-AI-using-OpenCV/self_driving_car_pkg/build/self_driving_car_pkg/build/lib/self_driving_car_pkg/Detection/Signs/Classification/__init__.py -> /home/rishi/Desktop/ROS2_self/ROS2-Self-Driving-Car-AI-using-OpenCV/self_driving_car_pkg/install/self_driving_car_pkg/lib/python3.10/site-packages/self_driving_car_pkg/Detection/Signs/Classification
[1.277s] copying /home/rishi/Desktop/ROS2_self/ROS2-Self-Driving-Car-AI-using-OpenCV/self_driving_car_pkg/build/self_driving_car_pkg/build/lib/self_driving_car_pkg/Detection/Signs/Classification/Visualize_CNN.py -> /home/rishi/Desktop/ROS2_self/ROS2-Self-Driving-Car-AI-using-OpenCV/self_driving_car_pkg/install/self_driving_car_pkg/lib/python3.10/site-packages/self_driving_car_pkg/Detection/Signs/Classification
[1.277s] copying /home/rishi/Desktop/ROS2_self/ROS2-Self-Driving-Car-AI-using-OpenCV/self_driving_car_pkg/build/self_driving_car_pkg/build/lib/self_driving_car_pkg/Detection/Signs/Classification/Classification_CNN.py -> /home/rishi/Desktop/ROS2_self/ROS2-Self-Driving-Car-AI-using-OpenCV/self_driving_car_pkg/install/self_driving_car_pkg/lib/python3.10/site-packages/self_driving_car_pkg/Detection/Signs/Classification
[1.277s] copying /home/rishi/Desktop/ROS2_self/ROS2-Self-Driving-Car-AI-using-OpenCV/self_driving_car_pkg/build/self_driving_car_pkg/build/lib/self_driving_car_pkg/Detection/Signs/__init__.py -> /home/rishi/Desktop/ROS2_self/ROS2-Self-Driving-Car-AI-using-OpenCV/self_driving_car_pkg/install/self_driving_car_pkg/lib/python3.10/site-packages/self_driving_car_pkg/Detection/Signs
[1.278s] copying /home/rishi/Desktop/ROS2_self/ROS2-Self-Driving-Car-AI-using-OpenCV/self_driving_car_pkg/build/self_driving_car_pkg/build/lib/self_driving_car_pkg/Detection/Signs/SignDetectionApi.py -> /home/rishi/Desktop/ROS2_self/ROS2-Self-Driving-Car-AI-using-OpenCV/self_driving_car_pkg/install/self_driving_car_pkg/lib/python3.10/site-packages/self_driving_car_pkg/Detection/Signs
[1.278s] copying /home/rishi/Desktop/ROS2_self/ROS2-Self-Driving-Car-AI-using-OpenCV/self_driving_car_pkg/build/self_driving_car_pkg/build/lib/self_driving_car_pkg/video_save.py -> /home/rishi/Desktop/ROS2_self/ROS2-Self-Driving-Car-AI-using-OpenCV/self_driving_car_pkg/install/self_driving_car_pkg/lib/python3.10/site-packages/self_driving_car_pkg
[1.278s] copying /home/rishi/Desktop/ROS2_self/ROS2-Self-Driving-Car-AI-using-OpenCV/self_driving_car_pkg/build/self_driving_car_pkg/build/lib/self_driving_car_pkg/sdc_V2.py -> /home/rishi/Desktop/ROS2_self/ROS2-Self-Driving-Car-AI-using-OpenCV/self_driving_car_pkg/install/self_driving_car_pkg/lib/python3.10/site-packages/self_driving_car_pkg
[1.279s] copying /home/rishi/Desktop/ROS2_self/ROS2-Self-Driving-Car-AI-using-OpenCV/self_driving_car_pkg/build/self_driving_car_pkg/build/lib/self_driving_car_pkg/__init__.py -> /home/rishi/Desktop/ROS2_self/ROS2-Self-Driving-Car-AI-using-OpenCV/self_driving_car_pkg/install/self_driving_car_pkg/lib/python3.10/site-packages/self_driving_car_pkg
[1.279s] creating /home/rishi/Desktop/ROS2_self/ROS2-Self-Driving-Car-AI-using-OpenCV/self_driving_car_pkg/install/self_driving_car_pkg/lib/python3.10/site-packages/self_driving_car_pkg/GPS_Navigation
[1.279s] copying /home/rishi/Desktop/ROS2_self/ROS2-Self-Driving-Car-AI-using-OpenCV/self_driving_car_pkg/build/self_driving_car_pkg/build/lib/self_driving_car_pkg/GPS_Navigation/bot_pathplanning.py -> /home/rishi/Desktop/ROS2_self/ROS2-Self-Driving-Car-AI-using-OpenCV/self_driving_car_pkg/install/self_driving_car_pkg/lib/python3.10/site-packages/self_driving_car_pkg/GPS_Navigation
[1.279s] copying /home/rishi/Desktop/ROS2_self/ROS2-Self-Driving-Car-AI-using-OpenCV/self_driving_car_pkg/build/self_driving_car_pkg/build/lib/self_driving_car_pkg/GPS_Navigation/config.py -> /home/rishi/Desktop/ROS2_self/ROS2-Self-Driving-Car-AI-using-OpenCV/self_driving_car_pkg/install/self_driving_car_pkg/lib/python3.10/site-packages/self_driving_car_pkg/GPS_Navigation
[1.280s] copying /home/rishi/Desktop/ROS2_self/ROS2-Self-Driving-Car-AI-using-OpenCV/self_driving_car_pkg/build/self_driving_car_pkg/build/lib/self_driving_car_pkg/GPS_Navigation/bot_localization.py -> /home/rishi/Desktop/ROS2_self/ROS2-Self-Driving-Car-AI-using-OpenCV/self_driving_car_pkg/install/self_driving_car_pkg/lib/python3.10/site-packages/self_driving_car_pkg/GPS_Navigation
[1.280s] copying /home/rishi/Desktop/ROS2_self/ROS2-Self-Driving-Car-AI-using-OpenCV/self_driving_car_pkg/build/self_driving_car_pkg/build/lib/self_driving_car_pkg/GPS_Navigation/__init__.py -> /home/rishi/Desktop/ROS2_self/ROS2-Self-Driving-Car-AI-using-OpenCV/self_driving_car_pkg/install/self_driving_car_pkg/lib/python3.10/site-packages/self_driving_car_pkg/GPS_Navigation
[1.280s] copying /home/rishi/Desktop/ROS2_self/ROS2-Self-Driving-Car-AI-using-OpenCV/self_driving_car_pkg/build/self_driving_car_pkg/build/lib/self_driving_car_pkg/GPS_Navigation/Navigation.py -> /home/rishi/Desktop/ROS2_self/ROS2-Self-Driving-Car-AI-using-OpenCV/self_driving_car_pkg/install/self_driving_car_pkg/lib/python3.10/site-packages/self_driving_car_pkg/GPS_Navigation
[1.280s] copying /home/rishi/Desktop/ROS2_self/ROS2-Self-Driving-Car-AI-using-OpenCV/self_driving_car_pkg/build/self_driving_car_pkg/build/lib/self_driving_car_pkg/GPS_Navigation/utilities.py -> /home/rishi/Desktop/ROS2_self/ROS2-Self-Driving-Car-AI-using-OpenCV/self_driving_car_pkg/install/self_driving_car_pkg/lib/python3.10/site-packages/self_driving_car_pkg/GPS_Navigation
[1.281s] copying /home/rishi/Desktop/ROS2_self/ROS2-Self-Driving-Car-AI-using-OpenCV/self_driving_car_pkg/build/self_driving_car_pkg/build/lib/self_driving_car_pkg/GPS_Navigation/utilities_disp.py -> /home/rishi/Desktop/ROS2_self/ROS2-Self-Driving-Car-AI-using-OpenCV/self_driving_car_pkg/install/self_driving_car_pkg/lib/python3.10/site-packages/self_driving_car_pkg/GPS_Navigation
[1.281s] copying /home/rishi/Desktop/ROS2_self/ROS2-Self-Driving-Car-AI-using-OpenCV/self_driving_car_pkg/build/self_driving_car_pkg/build/lib/self_driving_car_pkg/GPS_Navigation/bot_motionplanning.py -> /home/rishi/Desktop/ROS2_self/ROS2-Self-Driving-Car-AI-using-OpenCV/self_driving_car_pkg/install/self_driving_car_pkg/lib/python3.10/site-packages/self_driving_car_pkg/GPS_Navigation
[1.281s] copying /home/rishi/Desktop/ROS2_self/ROS2-Self-Driving-Car-AI-using-OpenCV/self_driving_car_pkg/build/self_driving_car_pkg/build/lib/self_driving_car_pkg/GPS_Navigation/bot_mapping.py -> /home/rishi/Desktop/ROS2_self/ROS2-Self-Driving-Car-AI-using-OpenCV/self_driving_car_pkg/install/self_driving_car_pkg/lib/python3.10/site-packages/self_driving_car_pkg/GPS_Navigation
[1.281s] copying /home/rishi/Desktop/ROS2_self/ROS2-Self-Driving-Car-AI-using-OpenCV/self_driving_car_pkg/build/self_driving_car_pkg/build/lib/self_driving_car_pkg/computer_vision_node.py -> /home/rishi/Desktop/ROS2_self/ROS2-Self-Driving-Car-AI-using-OpenCV/self_driving_car_pkg/install/self_driving_car_pkg/lib/python3.10/site-packages/self_driving_car_pkg
[1.282s] creating /home/rishi/Desktop/ROS2_self/ROS2-Self-Driving-Car-AI-using-OpenCV/self_driving_car_pkg/install/self_driving_car_pkg/lib/python3.10/site-packages/self_driving_car_pkg/config
[1.282s] copying /home/rishi/Desktop/ROS2_self/ROS2-Self-Driving-Car-AI-using-OpenCV/self_driving_car_pkg/build/self_driving_car_pkg/build/lib/self_driving_car_pkg/config/config.py -> /home/rishi/Desktop/ROS2_self/ROS2-Self-Driving-Car-AI-using-OpenCV/self_driving_car_pkg/install/self_driving_car_pkg/lib/python3.10/site-packages/self_driving_car_pkg/config
[1.282s] copying /home/rishi/Desktop/ROS2_self/ROS2-Self-Driving-Car-AI-using-OpenCV/self_driving_car_pkg/build/self_driving_car_pkg/build/lib/self_driving_car_pkg/config/__init__.py -> /home/rishi/Desktop/ROS2_self/ROS2-Self-Driving-Car-AI-using-OpenCV/self_driving_car_pkg/install/self_driving_car_pkg/lib/python3.10/site-packages/self_driving_car_pkg/config
[1.282s] copying /home/rishi/Desktop/ROS2_self/ROS2-Self-Driving-Car-AI-using-OpenCV/self_driving_car_pkg/build/self_driving_car_pkg/build/lib/self_driving_car_pkg/Drive_Bot.py -> /home/rishi/Desktop/ROS2_self/ROS2-Self-Driving-Car-AI-using-OpenCV/self_driving_car_pkg/install/self_driving_car_pkg/lib/python3.10/site-packages/self_driving_car_pkg
[1.283s] creating /home/rishi/Desktop/ROS2_self/ROS2-Self-Driving-Car-AI-using-OpenCV/self_driving_car_pkg/install/self_driving_car_pkg/lib/python3.10/site-packages/self_driving_car_pkg/data
[1.283s] copying /home/rishi/Desktop/ROS2_self/ROS2-Self-Driving-Car-AI-using-OpenCV/self_driving_car_pkg/build/self_driving_car_pkg/build/lib/self_driving_car_pkg/data/__init__.py -> /home/rishi/Desktop/ROS2_self/ROS2-Self-Driving-Car-AI-using-OpenCV/self_driving_car_pkg/install/self_driving_car_pkg/lib/python3.10/site-packages/self_driving_car_pkg/data
[1.283s] copying /home/rishi/Desktop/ROS2_self/ROS2-Self-Driving-Car-AI-using-OpenCV/self_driving_car_pkg/build/self_driving_car_pkg/build/lib/self_driving_car_pkg/sdf_spawner.py -> /home/rishi/Desktop/ROS2_self/ROS2-Self-Driving-Car-AI-using-OpenCV/self_driving_car_pkg/install/self_driving_car_pkg/lib/python3.10/site-packages/self_driving_car_pkg
[1.283s] byte-compiling /home/rishi/Desktop/ROS2_self/ROS2-Self-Driving-Car-AI-using-OpenCV/self_driving_car_pkg/install/self_driving_car_pkg/lib/python3.10/site-packages/self_driving_car_pkg/upper_camera_video.py to upper_camera_video.cpython-310.pyc
[1.283s] byte-compiling /home/rishi/Desktop/ROS2_self/ROS2-Self-Driving-Car-AI-using-OpenCV/self_driving_car_pkg/install/self_driving_car_pkg/lib/python3.10/site-packages/self_driving_car_pkg/Detection/Lanes/Morph_op.py to Morph_op.cpython-310.pyc
[1.284s] byte-compiling /home/rishi/Desktop/ROS2_self/ROS2-Self-Driving-Car-AI-using-OpenCV/self_driving_car_pkg/install/self_driving_car_pkg/lib/python3.10/site-packages/self_driving_car_pkg/Detection/Lanes/b_Estimation/__init__.py to __init__.cpython-310.pyc
[1.284s] byte-compiling /home/rishi/Desktop/ROS2_self/ROS2-Self-Driving-Car-AI-using-OpenCV/self_driving_car_pkg/install/self_driving_car_pkg/lib/python3.10/site-packages/self_driving_car_pkg/Detection/Lanes/b_Estimation/Our_EstimationAlgo.py to Our_EstimationAlgo.cpython-310.pyc
[1.284s] byte-compiling /home/rishi/Desktop/ROS2_self/ROS2-Self-Driving-Car-AI-using-OpenCV/self_driving_car_pkg/install/self_driving_car_pkg/lib/python3.10/site-packages/self_driving_car_pkg/Detection/Lanes/__init__.py to __init__.cpython-310.pyc
[1.284s] byte-compiling /home/rishi/Desktop/ROS2_self/ROS2-Self-Driving-Car-AI-using-OpenCV/self_driving_car_pkg/install/self_driving_car_pkg/lib/python3.10/site-packages/self_driving_car_pkg/Detection/Lanes/utilities.py to utilities.cpython-310.pyc
[1.285s] byte-compiling /home/rishi/Desktop/ROS2_self/ROS2-Self-Driving-Car-AI-using-OpenCV/self_driving_car_pkg/install/self_driving_car_pkg/lib/python3.10/site-packages/self_driving_car_pkg/Detection/Lanes/c_Cleaning/CheckifYellowLaneCorrect_RetInnerBoundary.py to CheckifYellowLaneCorrect_RetInnerBoundary.cpython-310.pyc
[1.285s] byte-compiling /home/rishi/Desktop/ROS2_self/ROS2-Self-Driving-Car-AI-using-OpenCV/self_driving_car_pkg/install/self_driving_car_pkg/lib/python3.10/site-packages/self_driving_car_pkg/Detection/Lanes/c_Cleaning/__init__.py to __init__.cpython-310.pyc
[1.285s] byte-compiling /home/rishi/Desktop/ROS2_self/ROS2-Self-Driving-Car-AI-using-OpenCV/self_driving_car_pkg/install/self_driving_car_pkg/lib/python3.10/site-packages/self_driving_car_pkg/Detection/Lanes/c_Cleaning/ExtendLanesAndRefineMidLaneEdge.py to ExtendLanesAndRefineMidLaneEdge.cpython-310.pyc
[1.285s] byte-compiling /home/rishi/Desktop/ROS2_self/ROS2-Self-Driving-Car-AI-using-OpenCV/self_driving_car_pkg/install/self_driving_car_pkg/lib/python3.10/site-packages/self_driving_car_pkg/Detection/Lanes/Lane_Detection.py to Lane_Detection.cpython-310.pyc
[1.285s] byte-compiling /home/rishi/Desktop/ROS2_self/ROS2-Self-Driving-Car-AI-using-OpenCV/self_driving_car_pkg/install/self_driving_car_pkg/lib/python3.10/site-packages/self_driving_car_pkg/Detection/Lanes/d_LaneInfo_Extraction/GetStateInfoandDisplayLane.py to GetStateInfoandDisplayLane.cpython-310.pyc
[1.286s] byte-compiling /home/rishi/Desktop/ROS2_self/ROS2-Self-Driving-Car-AI-using-OpenCV/self_driving_car_pkg/install/self_driving_car_pkg/lib/python3.10/site-packages/self_driving_car_pkg/Detection/Lanes/d_LaneInfo_Extraction/__init__.py to __init__.cpython-310.pyc
[1.286s] byte-compiling /home/rishi/Desktop/ROS2_self/ROS2-Self-Driving-Car-AI-using-OpenCV/self_driving_car_pkg/install/self_driving_car_pkg/lib/python3.10/site-packages/self_driving_car_pkg/Detection/Lanes/a_Segmentation/__init__.py to __init__.cpython-310.pyc
[1.286s] byte-compiling /home/rishi/Desktop/ROS2_self/ROS2-Self-Driving-Car-AI-using-OpenCV/self_driving_car_pkg/install/self_driving_car_pkg/lib/python3.10/site-packages/self_driving_car_pkg/Detection/Lanes/a_Segmentation/colour_segmentation_final.py to colour_segmentation_final.cpython-310.pyc
[1.287s] byte-compiling /home/rishi/Desktop/ROS2_self/ROS2-Self-Driving-Car-AI-using-OpenCV/self_driving_car_pkg/install/self_driving_car_pkg/lib/python3.10/site-packages/self_driving_car_pkg/Detection/TrafficLights/__init__.py to __init__.cpython-310.pyc
[1.287s] byte-compiling /home/rishi/Desktop/ROS2_self/ROS2-Self-Driving-Car-AI-using-OpenCV/self_driving_car_pkg/install/self_driving_car_pkg/lib/python3.10/site-packages/self_driving_car_pkg/Detection/TrafficLights/TrafficLights_Detection.py to TrafficLights_Detection.cpython-310.pyc
[1.293s] byte-compiling /home/rishi/Desktop/ROS2_self/ROS2-Self-Driving-Car-AI-using-OpenCV/self_driving_car_pkg/install/self_driving_car_pkg/lib/python3.10/site-packages/self_driving_car_pkg/Detection/__init__.py to __init__.cpython-310.pyc
[1.293s] byte-compiling /home/rishi/Desktop/ROS2_self/ROS2-Self-Driving-Car-AI-using-OpenCV/self_driving_car_pkg/install/self_driving_car_pkg/lib/python3.10/site-packages/self_driving_car_pkg/Detection/Signs/Classification/CNN.py to CNN.cpython-310.pyc
[1.294s] byte-compiling /home/rishi/Desktop/ROS2_self/ROS2-Self-Driving-Car-AI-using-OpenCV/self_driving_car_pkg/install/self_driving_car_pkg/lib/python3.10/site-packages/self_driving_car_pkg/Detection/Signs/Classification/__init__.py to __init__.cpython-310.pyc
[1.294s] byte-compiling /home/rishi/Desktop/ROS2_self/ROS2-Self-Driving-Car-AI-using-OpenCV/self_driving_car_pkg/install/self_driving_car_pkg/lib/python3.10/site-packages/self_driving_car_pkg/Detection/Signs/Classification/Visualize_CNN.py to Visualize_CNN.cpython-310.pyc
[1.294s] byte-compiling /home/rishi/Desktop/ROS2_self/ROS2-Self-Driving-Car-AI-using-OpenCV/self_driving_car_pkg/install/self_driving_car_pkg/lib/python3.10/site-packages/self_driving_car_pkg/Detection/Signs/Classification/Classification_CNN.py to Classification_CNN.cpython-310.pyc
[1.296s] byte-compiling /home/rishi/Desktop/ROS2_self/ROS2-Self-Driving-Car-AI-using-OpenCV/self_driving_car_pkg/install/self_driving_car_pkg/lib/python3.10/site-packages/self_driving_car_pkg/Detection/Signs/__init__.py to __init__.cpython-310.pyc
[1.296s] byte-compiling /home/rishi/Desktop/ROS2_self/ROS2-Self-Driving-Car-AI-using-OpenCV/self_driving_car_pkg/install/self_driving_car_pkg/lib/python3.10/site-packages/self_driving_car_pkg/Detection/Signs/SignDetectionApi.py to SignDetectionApi.cpython-310.pyc
[1.297s] byte-compiling /home/rishi/Desktop/ROS2_self/ROS2-Self-Driving-Car-AI-using-OpenCV/self_driving_car_pkg/install/self_driving_car_pkg/lib/python3.10/site-packages/self_driving_car_pkg/video_save.py to video_save.cpython-310.pyc
[1.298s] byte-compiling /home/rishi/Desktop/ROS2_self/ROS2-Self-Driving-Car-AI-using-OpenCV/self_driving_car_pkg/install/self_driving_car_pkg/lib/python3.10/site-packages/self_driving_car_pkg/sdc_V2.py to sdc_V2.cpython-310.pyc
[1.299s] byte-compiling /home/rishi/Desktop/ROS2_self/ROS2-Self-Driving-Car-AI-using-OpenCV/self_driving_car_pkg/install/self_driving_car_pkg/lib/python3.10/site-packages/self_driving_car_pkg/__init__.py to __init__.cpython-310.pyc
[1.299s] byte-compiling /home/rishi/Desktop/ROS2_self/ROS2-Self-Driving-Car-AI-using-OpenCV/self_driving_car_pkg/install/self_driving_car_pkg/lib/python3.10/site-packages/self_driving_car_pkg/GPS_Navigation/bot_pathplanning.py to bot_pathplanning.cpython-310.pyc
[1.302s] byte-compiling /home/rishi/Desktop/ROS2_self/ROS2-Self-Driving-Car-AI-using-OpenCV/self_driving_car_pkg/install/self_driving_car_pkg/lib/python3.10/site-packages/self_driving_car_pkg/GPS_Navigation/config.py to config.cpython-310.pyc
[1.302s] byte-compiling /home/rishi/Desktop/ROS2_self/ROS2-Self-Driving-Car-AI-using-OpenCV/self_driving_car_pkg/install/self_driving_car_pkg/lib/python3.10/site-packages/self_driving_car_pkg/GPS_Navigation/bot_localization.py to bot_localization.cpython-310.pyc
[1.305s] byte-compiling /home/rishi/Desktop/ROS2_self/ROS2-Self-Driving-Car-AI-using-OpenCV/self_driving_car_pkg/install/self_driving_car_pkg/lib/python3.10/site-packages/self_driving_car_pkg/GPS_Navigation/__init__.py to __init__.cpython-310.pyc
[1.305s] byte-compiling /home/rishi/Desktop/ROS2_self/ROS2-Self-Driving-Car-AI-using-OpenCV/self_driving_car_pkg/install/self_driving_car_pkg/lib/python3.10/site-packages/self_driving_car_pkg/GPS_Navigation/Navigation.py to Navigation.cpython-310.pyc
[1.306s] byte-compiling /home/rishi/Desktop/ROS2_self/ROS2-Self-Driving-Car-AI-using-OpenCV/self_driving_car_pkg/install/self_driving_car_pkg/lib/python3.10/site-packages/self_driving_car_pkg/GPS_Navigation/utilities.py to utilities.cpython-310.pyc
[1.308s] byte-compiling /home/rishi/Desktop/ROS2_self/ROS2-Self-Driving-Car-AI-using-OpenCV/self_driving_car_pkg/install/self_driving_car_pkg/lib/python3.10/site-packages/self_driving_car_pkg/GPS_Navigation/utilities_disp.py to utilities_disp.cpython-310.pyc
[1.309s] byte-compiling /home/rishi/Desktop/ROS2_self/ROS2-Self-Driving-Car-AI-using-OpenCV/self_driving_car_pkg/install/self_driving_car_pkg/lib/python3.10/site-packages/self_driving_car_pkg/GPS_Navigation/bot_motionplanning.py to bot_motionplanning.cpython-310.pyc
[1.310s] byte-compiling /home/rishi/Desktop/ROS2_self/ROS2-Self-Driving-Car-AI-using-OpenCV/self_driving_car_pkg/install/self_driving_car_pkg/lib/python3.10/site-packages/self_driving_car_pkg/GPS_Navigation/bot_mapping.py to bot_mapping.cpython-310.pyc
[1.313s] byte-compiling /home/rishi/Desktop/ROS2_self/ROS2-Self-Driving-Car-AI-using-OpenCV/self_driving_car_pkg/install/self_driving_car_pkg/lib/python3.10/site-packages/self_driving_car_pkg/computer_vision_node.py to computer_vision_node.cpython-310.pyc
[1.314s] byte-compiling /home/rishi/Desktop/ROS2_self/ROS2-Self-Driving-Car-AI-using-OpenCV/self_driving_car_pkg/install/self_driving_car_pkg/lib/python3.10/site-packages/self_driving_car_pkg/config/config.py to config.cpython-310.pyc
[1.314s] byte-compiling /home/rishi/Desktop/ROS2_self/ROS2-Self-Driving-Car-AI-using-OpenCV/self_driving_car_pkg/install/self_driving_car_pkg/lib/python3.10/site-packages/self_driving_car_pkg/config/__init__.py to __init__.cpython-310.pyc
[1.315s] byte-compiling /home/rishi/Desktop/ROS2_self/ROS2-Self-Driving-Car-AI-using-OpenCV/self_driving_car_pkg/install/self_driving_car_pkg/lib/python3.10/site-packages/self_driving_car_pkg/Drive_Bot.py to Drive_Bot.cpython-310.pyc
[1.317s] byte-compiling /home/rishi/Desktop/ROS2_self/ROS2-Self-Driving-Car-AI-using-OpenCV/self_driving_car_pkg/install/self_driving_car_pkg/lib/python3.10/site-packages/self_driving_car_pkg/data/__init__.py to __init__.cpython-310.pyc
[1.317s] byte-compiling /home/rishi/Desktop/ROS2_self/ROS2-Self-Driving-Car-AI-using-OpenCV/self_driving_car_pkg/install/self_driving_car_pkg/lib/python3.10/site-packages/self_driving_car_pkg/sdf_spawner.py to sdf_spawner.cpython-310.pyc
[1.317s] running install_data
[1.318s] creating /home/rishi/Desktop/ROS2_self/ROS2-Self-Driving-Car-AI-using-OpenCV/self_driving_car_pkg/install/self_driving_car_pkg/share/ament_index
[1.318s] creating /home/rishi/Desktop/ROS2_self/ROS2-Self-Driving-Car-AI-using-OpenCV/self_driving_car_pkg/install/self_driving_car_pkg/share/ament_index/resource_index
[1.319s] creating /home/rishi/Desktop/ROS2_self/ROS2-Self-Driving-Car-AI-using-OpenCV/self_driving_car_pkg/install/self_driving_car_pkg/share/ament_index/resource_index/packages
[1.319s] copying resource/self_driving_car_pkg -> /home/rishi/Desktop/ROS2_self/ROS2-Self-Driving-Car-AI-using-OpenCV/self_driving_car_pkg/install/self_driving_car_pkg/share/ament_index/resource_index/packages
[1.319s] copying package.xml -> /home/rishi/Desktop/ROS2_self/ROS2-Self-Driving-Car-AI-using-OpenCV/self_driving_car_pkg/install/self_driving_car_pkg/share/self_driving_car_pkg
[1.319s] creating /home/rishi/Desktop/ROS2_self/ROS2-Self-Driving-Car-AI-using-OpenCV/self_driving_car_pkg/install/self_driving_car_pkg/share/self_driving_car_pkg/launch
[1.319s] copying launch/record_and_drive.launch.py -> /home/rishi/Desktop/ROS2_self/ROS2-Self-Driving-Car-AI-using-OpenCV/self_driving_car_pkg/install/self_driving_car_pkg/share/self_driving_car_pkg/launch
[1.320s] copying launch/test_laneFollow.launch.py -> /home/rishi/Desktop/ROS2_self/ROS2-Self-Driving-Car-AI-using-OpenCV/self_driving_car_pkg/install/self_driving_car_pkg/share/self_driving_car_pkg/launch
[1.320s] copying launch/world_gazebo.launch.py -> /home/rishi/Desktop/ROS2_self/ROS2-Self-Driving-Car-AI-using-OpenCV/self_driving_car_pkg/install/self_driving_car_pkg/share/self_driving_car_pkg/launch
[1.320s] copying launch/maze_solving_world.launch.py -> /home/rishi/Desktop/ROS2_self/ROS2-Self-Driving-Car-AI-using-OpenCV/self_driving_car_pkg/install/self_driving_car_pkg/share/self_driving_car_pkg/launch
[1.320s] creating /home/rishi/Desktop/ROS2_self/ROS2-Self-Driving-Car-AI-using-OpenCV/self_driving_car_pkg/install/self_driving_car_pkg/lib/self_driving_car_pkg
[1.320s] copying scripts/lights_spawner_maze.bash -> /home/rishi/Desktop/ROS2_self/ROS2-Self-Driving-Car-AI-using-OpenCV/self_driving_car_pkg/install/self_driving_car_pkg/lib/self_driving_car_pkg
[1.321s] copying scripts/lights_spawner.bash -> /home/rishi/Desktop/ROS2_self/ROS2-Self-Driving-Car-AI-using-OpenCV/self_driving_car_pkg/install/self_driving_car_pkg/lib/self_driving_car_pkg
[1.321s] creating /home/rishi/Desktop/ROS2_self/ROS2-Self-Driving-Car-AI-using-OpenCV/self_driving_car_pkg/install/self_driving_car_pkg/share/self_driving_car_pkg/worlds
[1.321s] copying worlds/self_driving_car.world -> /home/rishi/Desktop/ROS2_self/ROS2-Self-Driving-Car-AI-using-OpenCV/self_driving_car_pkg/install/self_driving_car_pkg/share/self_driving_car_pkg/worlds
[1.321s] copying worlds/maze_solving.world -> /home/rishi/Desktop/ROS2_self/ROS2-Self-Driving-Car-AI-using-OpenCV/self_driving_car_pkg/install/self_driving_car_pkg/share/self_driving_car_pkg/worlds
[1.322s] copying worlds/Lane_follow_test.world -> /home/rishi/Desktop/ROS2_self/ROS2-Self-Driving-Car-AI-using-OpenCV/self_driving_car_pkg/install/self_driving_car_pkg/share/self_driving_car_pkg/worlds
[1.322s] running install_egg_info
[1.325s] Copying build/self_driving_car_pkg/self_driving_car_pkg.egg-info to /home/rishi/Desktop/ROS2_self/ROS2-Self-Driving-Car-AI-using-OpenCV/self_driving_car_pkg/install/self_driving_car_pkg/lib/python3.10/site-packages/self_driving_car_pkg-0.0.0-py3.10.egg-info
[1.326s] running install_scripts
[1.353s] Installing computer_vision_node script to /home/rishi/Desktop/ROS2_self/ROS2-Self-Driving-Car-AI-using-OpenCV/self_driving_car_pkg/install/self_driving_car_pkg/lib/self_driving_car_pkg
[1.353s] Installing sdc_V2 script to /home/rishi/Desktop/ROS2_self/ROS2-Self-Driving-Car-AI-using-OpenCV/self_driving_car_pkg/install/self_driving_car_pkg/lib/self_driving_car_pkg
[1.353s] Installing spawner_node script to /home/rishi/Desktop/ROS2_self/ROS2-Self-Driving-Car-AI-using-OpenCV/self_driving_car_pkg/install/self_driving_car_pkg/lib/self_driving_car_pkg
[1.354s] Installing upper_camera_recording script to /home/rishi/Desktop/ROS2_self/ROS2-Self-Driving-Car-AI-using-OpenCV/self_driving_car_pkg/install/self_driving_car_pkg/lib/self_driving_car_pkg
[1.354s] Installing video_recording_node script to /home/rishi/Desktop/ROS2_self/ROS2-Self-Driving-Car-AI-using-OpenCV/self_driving_car_pkg/install/self_driving_car_pkg/lib/self_driving_car_pkg
[1.355s] writing list of installed files to '/home/rishi/Desktop/ROS2_self/ROS2-Self-Driving-Car-AI-using-OpenCV/self_driving_car_pkg/build/self_driving_car_pkg/install.log'
[1.392s] Invoked command in '/home/rishi/Desktop/ROS2_self/ROS2-Self-Driving-Car-AI-using-OpenCV/self_driving_car_pkg' returned '0': CONDA_PROMPT_MODIFIER=(base) PYTHONPATH=/home/rishi/Desktop/ROS2_self/ROS2-Self-Driving-Car-AI-using-OpenCV/self_driving_car_pkg/build/self_driving_car_pkg/prefix_override:/home/rishi/Desktop/ROS2_self/ROS2-Self-Driving-Car-AI-using-OpenCV/self_driving_car_pkg/install/self_driving_car_pkg/lib/python3.10/site-packages:${PYTHONPATH} /usr/bin/python3 setup.py egg_info --egg-base build/self_driving_car_pkg build --build-base /home/rishi/Desktop/ROS2_self/ROS2-Self-Driving-Car-AI-using-OpenCV/self_driving_car_pkg/build/self_driving_car_pkg/build install --record /home/rishi/Desktop/ROS2_self/ROS2-Self-Driving-Car-AI-using-OpenCV/self_driving_car_pkg/build/self_driving_car_pkg/install.log --install-scripts $base/lib/self_driving_car_pkg --single-version-externally-managed
